2014-04-06 17:54:24 Warning: Warning (2): mysql_connect() [<a href='http://php.net/function.mysql-connect'>function.mysql-connect</a>]: Access denied for user 'XXXX'@'localhost' (using password: YES) in [C:\Program Files (x86)\EasyPHP-DevServer-14.1VC9\data\localweb\cookbook\cake\libs\model\datasources\dbo\dbo_mysql.php, line 552]
2014-04-06 17:54:24 Warning: Warning (2): mysql_select_db() expects parameter 2 to be resource, boolean given in [C:\Program Files (x86)\EasyPHP-DevServer-14.1VC9\data\localweb\cookbook\cake\libs\model\datasources\dbo\dbo_mysql.php, line 558]
2014-04-06 17:54:24 Warning: Warning (2): mysql_query() expects parameter 2 to be resource, boolean given in [C:\Program Files (x86)\EasyPHP-DevServer-14.1VC9\data\localweb\cookbook\cake\libs\model\datasources\dbo\dbo_mysql.php, line 600]
2014-04-06 17:54:24 Warning: Warning (2): mysql_get_server_info() expects parameter 1 to be resource, boolean given in [C:\Program Files (x86)\EasyPHP-DevServer-14.1VC9\data\localweb\cookbook\cake\libs\model\datasources\dbo\dbo_mysql.php, line 566]
2014-04-06 17:54:24 Warning: Warning (2): Cannot modify header information - headers already sent by (output started at C:\Program Files (x86)\EasyPHP-DevServer-14.1VC9\data\localweb\cookbook\cake\libs\debugger.php:398) in [C:\Program Files (x86)\EasyPHP-DevServer-14.1VC9\data\localweb\cookbook\cake\libs\controller\controller.php, line 746]
2014-04-06 17:54:24 Warning: Warning (2): Invalid argument supplied for foreach() in [C:\Program Files (x86)\EasyPHP-DevServer-14.1VC9\data\localweb\cookbook\app\views\layouts\default.ctp, line 47]
2014-04-06 17:54:24 Warning: Warning (2): Invalid argument supplied for foreach() in [C:\Program Files (x86)\EasyPHP-DevServer-14.1VC9\data\localweb\cookbook\app\views\layouts\default.ctp, line 57]
2014-04-06 17:54:24 Warning: Warning (2): Invalid argument supplied for foreach() in [C:\Program Files (x86)\EasyPHP-DevServer-14.1VC9\data\localweb\cookbook\app\views\layouts\default.ctp, line 68]
2014-04-06 17:56:13 Warning: Warning (2): mysql_connect() [<a href='http://php.net/function.mysql-connect'>function.mysql-connect</a>]: Access denied for user 'XXXX'@'localhost' (using password: YES) in [C:\Program Files (x86)\EasyPHP-DevServer-14.1VC9\data\localweb\cookbook\cake\libs\model\datasources\dbo\dbo_mysql.php, line 552]
2014-04-06 17:56:13 Warning: Warning (2): mysql_select_db() expects parameter 2 to be resource, boolean given in [C:\Program Files (x86)\EasyPHP-DevServer-14.1VC9\data\localweb\cookbook\cake\libs\model\datasources\dbo\dbo_mysql.php, line 558]
2014-04-06 17:56:13 Warning: Warning (2): mysql_query() expects parameter 2 to be resource, boolean given in [C:\Program Files (x86)\EasyPHP-DevServer-14.1VC9\data\localweb\cookbook\cake\libs\model\datasources\dbo\dbo_mysql.php, line 600]
2014-04-06 17:56:13 Warning: Warning (2): mysql_get_server_info() expects parameter 1 to be resource, boolean given in [C:\Program Files (x86)\EasyPHP-DevServer-14.1VC9\data\localweb\cookbook\cake\libs\model\datasources\dbo\dbo_mysql.php, line 566]
2014-04-06 17:56:13 Warning: Warning (2): Cannot modify header information - headers already sent by (output started at C:\Program Files (x86)\EasyPHP-DevServer-14.1VC9\data\localweb\cookbook\cake\libs\debugger.php:398) in [C:\Program Files (x86)\EasyPHP-DevServer-14.1VC9\data\localweb\cookbook\cake\libs\controller\controller.php, line 746]
2014-04-06 17:56:13 Warning: Warning (2): Invalid argument supplied for foreach() in [C:\Program Files (x86)\EasyPHP-DevServer-14.1VC9\data\localweb\cookbook\app\views\layouts\default.ctp, line 47]
2014-04-06 17:56:13 Warning: Warning (2): Invalid argument supplied for foreach() in [C:\Program Files (x86)\EasyPHP-DevServer-14.1VC9\data\localweb\cookbook\app\views\layouts\default.ctp, line 57]
2014-04-06 17:56:13 Warning: Warning (2): Invalid argument supplied for foreach() in [C:\Program Files (x86)\EasyPHP-DevServer-14.1VC9\data\localweb\cookbook\app\views\layouts\default.ctp, line 68]
2014-04-06 17:57:06 Warning: Warning (2): mysql_connect() [<a href='http://php.net/function.mysql-connect'>function.mysql-connect</a>]: Access denied for user 'XXXX'@'localhost' (using password: YES) in [C:\Program Files (x86)\EasyPHP-DevServer-14.1VC9\data\localweb\cookbook\cake\libs\model\datasources\dbo\dbo_mysql.php, line 552]
2014-04-06 17:57:06 Warning: Warning (2): mysql_select_db() expects parameter 2 to be resource, boolean given in [C:\Program Files (x86)\EasyPHP-DevServer-14.1VC9\data\localweb\cookbook\cake\libs\model\datasources\dbo\dbo_mysql.php, line 558]
2014-04-06 17:57:06 Warning: Warning (2): mysql_query() expects parameter 2 to be resource, boolean given in [C:\Program Files (x86)\EasyPHP-DevServer-14.1VC9\data\localweb\cookbook\cake\libs\model\datasources\dbo\dbo_mysql.php, line 600]
2014-04-06 17:57:06 Warning: Warning (2): mysql_get_server_info() expects parameter 1 to be resource, boolean given in [C:\Program Files (x86)\EasyPHP-DevServer-14.1VC9\data\localweb\cookbook\cake\libs\model\datasources\dbo\dbo_mysql.php, line 566]
2014-04-06 17:57:06 Warning: Warning (2): Cannot modify header information - headers already sent by (output started at C:\Program Files (x86)\EasyPHP-DevServer-14.1VC9\data\localweb\cookbook\cake\libs\debugger.php:398) in [C:\Program Files (x86)\EasyPHP-DevServer-14.1VC9\data\localweb\cookbook\cake\libs\controller\controller.php, line 746]
2014-04-06 17:57:06 Warning: Warning (2): Invalid argument supplied for foreach() in [C:\Program Files (x86)\EasyPHP-DevServer-14.1VC9\data\localweb\cookbook\app\views\layouts\default.ctp, line 47]
2014-04-06 17:57:06 Warning: Warning (2): Invalid argument supplied for foreach() in [C:\Program Files (x86)\EasyPHP-DevServer-14.1VC9\data\localweb\cookbook\app\views\layouts\default.ctp, line 57]
2014-04-06 17:57:06 Warning: Warning (2): Invalid argument supplied for foreach() in [C:\Program Files (x86)\EasyPHP-DevServer-14.1VC9\data\localweb\cookbook\app\views\layouts\default.ctp, line 68]
2014-04-06 17:59:44 Warning: Warning (2): Invalid argument supplied for foreach() in [C:\Program Files (x86)\EasyPHP-DevServer-14.1VC9\data\localweb\cookbook\app\views\layouts\default.ctp, line 47]
2014-04-06 17:59:44 Warning: Warning (2): Invalid argument supplied for foreach() in [C:\Program Files (x86)\EasyPHP-DevServer-14.1VC9\data\localweb\cookbook\app\views\layouts\default.ctp, line 57]
2014-04-06 17:59:44 Warning: Warning (2): Invalid argument supplied for foreach() in [C:\Program Files (x86)\EasyPHP-DevServer-14.1VC9\data\localweb\cookbook\app\views\layouts\default.ctp, line 68]
2014-04-06 18:03:59 Warning: Warning (2): Invalid argument supplied for foreach() in [C:\Program Files (x86)\EasyPHP-DevServer-14.1VC9\data\localweb\cookbook\app\views\layouts\default.ctp, line 47]
2014-04-06 18:03:59 Warning: Warning (2): Invalid argument supplied for foreach() in [C:\Program Files (x86)\EasyPHP-DevServer-14.1VC9\data\localweb\cookbook\app\views\layouts\default.ctp, line 57]
2014-04-06 18:03:59 Warning: Warning (2): Invalid argument supplied for foreach() in [C:\Program Files (x86)\EasyPHP-DevServer-14.1VC9\data\localweb\cookbook\app\views\layouts\default.ctp, line 68]
2014-04-06 18:03:59 Warning: Warning (2): Invalid argument supplied for foreach() in [C:\Program Files (x86)\EasyPHP-DevServer-14.1VC9\data\localweb\cookbook\app\views\layouts\default.ctp, line 47]
2014-04-06 18:03:59 Warning: Warning (2): Invalid argument supplied for foreach() in [C:\Program Files (x86)\EasyPHP-DevServer-14.1VC9\data\localweb\cookbook\app\views\layouts\default.ctp, line 57]
2014-04-06 18:03:59 Warning: Warning (2): Invalid argument supplied for foreach() in [C:\Program Files (x86)\EasyPHP-DevServer-14.1VC9\data\localweb\cookbook\app\views\layouts\default.ctp, line 68]
2014-04-06 18:04:02 Warning: Warning (2): Invalid argument supplied for foreach() in [C:\Program Files (x86)\EasyPHP-DevServer-14.1VC9\data\localweb\cookbook\app\views\layouts\default.ctp, line 47]
2014-04-06 18:04:02 Warning: Warning (2): Invalid argument supplied for foreach() in [C:\Program Files (x86)\EasyPHP-DevServer-14.1VC9\data\localweb\cookbook\app\views\layouts\default.ctp, line 57]
2014-04-06 18:04:02 Warning: Warning (2): Invalid argument supplied for foreach() in [C:\Program Files (x86)\EasyPHP-DevServer-14.1VC9\data\localweb\cookbook\app\views\layouts\default.ctp, line 68]
2014-04-06 18:04:05 Warning: Warning (2): Invalid argument supplied for foreach() in [C:\Program Files (x86)\EasyPHP-DevServer-14.1VC9\data\localweb\cookbook\app\views\layouts\default.ctp, line 47]
2014-04-06 18:04:05 Warning: Warning (2): Invalid argument supplied for foreach() in [C:\Program Files (x86)\EasyPHP-DevServer-14.1VC9\data\localweb\cookbook\app\views\layouts\default.ctp, line 57]
2014-04-06 18:04:05 Warning: Warning (2): Invalid argument supplied for foreach() in [C:\Program Files (x86)\EasyPHP-DevServer-14.1VC9\data\localweb\cookbook\app\views\layouts\default.ctp, line 68]
2014-04-06 18:04:05 Warning: Warning (2): Invalid argument supplied for foreach() in [C:\Program Files (x86)\EasyPHP-DevServer-14.1VC9\data\localweb\cookbook\app\views\layouts\default.ctp, line 47]
2014-04-06 18:04:05 Warning: Warning (2): Invalid argument supplied for foreach() in [C:\Program Files (x86)\EasyPHP-DevServer-14.1VC9\data\localweb\cookbook\app\views\layouts\default.ctp, line 57]
2014-04-06 18:04:05 Warning: Warning (2): Invalid argument supplied for foreach() in [C:\Program Files (x86)\EasyPHP-DevServer-14.1VC9\data\localweb\cookbook\app\views\layouts\default.ctp, line 68]
2014-04-06 18:05:54 Warning: Warning (2): Invalid argument supplied for foreach() in [C:\Program Files (x86)\EasyPHP-DevServer-14.1VC9\data\localweb\cookbook\app\views\layouts\default.ctp, line 47]
2014-04-06 18:05:54 Warning: Warning (2): Invalid argument supplied for foreach() in [C:\Program Files (x86)\EasyPHP-DevServer-14.1VC9\data\localweb\cookbook\app\views\layouts\default.ctp, line 57]
2014-04-06 18:05:54 Warning: Warning (2): Invalid argument supplied for foreach() in [C:\Program Files (x86)\EasyPHP-DevServer-14.1VC9\data\localweb\cookbook\app\views\layouts\default.ctp, line 68]
2014-04-06 18:05:56 Warning: Warning (2): Invalid argument supplied for foreach() in [C:\Program Files (x86)\EasyPHP-DevServer-14.1VC9\data\localweb\cookbook\app\views\layouts\default.ctp, line 47]
2014-04-06 18:05:56 Warning: Warning (2): Invalid argument supplied for foreach() in [C:\Program Files (x86)\EasyPHP-DevServer-14.1VC9\data\localweb\cookbook\app\views\layouts\default.ctp, line 57]
2014-04-06 18:05:56 Warning: Warning (2): Invalid argument supplied for foreach() in [C:\Program Files (x86)\EasyPHP-DevServer-14.1VC9\data\localweb\cookbook\app\views\layouts\default.ctp, line 68]
2014-04-06 18:08:24 Warning: Warning (2): Invalid argument supplied for foreach() in [C:\Program Files (x86)\EasyPHP-DevServer-14.1VC9\data\localweb\cookbook\app\views\layouts\default.ctp, line 47]
2014-04-06 18:08:24 Warning: Warning (2): Invalid argument supplied for foreach() in [C:\Program Files (x86)\EasyPHP-DevServer-14.1VC9\data\localweb\cookbook\app\views\layouts\default.ctp, line 57]
2014-04-06 18:08:24 Warning: Warning (2): Invalid argument supplied for foreach() in [C:\Program Files (x86)\EasyPHP-DevServer-14.1VC9\data\localweb\cookbook\app\views\layouts\default.ctp, line 68]
2014-04-06 18:08:43 Warning: Warning (2): Invalid argument supplied for foreach() in [C:\Program Files (x86)\EasyPHP-DevServer-14.1VC9\data\localweb\cookbook\app\views\layouts\default.ctp, line 47]
2014-04-06 18:08:43 Warning: Warning (2): Invalid argument supplied for foreach() in [C:\Program Files (x86)\EasyPHP-DevServer-14.1VC9\data\localweb\cookbook\app\views\layouts\default.ctp, line 57]
2014-04-06 18:08:43 Warning: Warning (2): Invalid argument supplied for foreach() in [C:\Program Files (x86)\EasyPHP-DevServer-14.1VC9\data\localweb\cookbook\app\views\layouts\default.ctp, line 68]
2014-04-06 18:08:45 Warning: Warning (2): Invalid argument supplied for foreach() in [C:\Program Files (x86)\EasyPHP-DevServer-14.1VC9\data\localweb\cookbook\app\views\layouts\default.ctp, line 47]
2014-04-06 18:08:45 Warning: Warning (2): Invalid argument supplied for foreach() in [C:\Program Files (x86)\EasyPHP-DevServer-14.1VC9\data\localweb\cookbook\app\views\layouts\default.ctp, line 57]
2014-04-06 18:08:45 Warning: Warning (2): Invalid argument supplied for foreach() in [C:\Program Files (x86)\EasyPHP-DevServer-14.1VC9\data\localweb\cookbook\app\views\layouts\default.ctp, line 68]
2014-04-06 18:08:45 Warning: Warning (2): Invalid argument supplied for foreach() in [C:\Program Files (x86)\EasyPHP-DevServer-14.1VC9\data\localweb\cookbook\app\views\layouts\default.ctp, line 47]
2014-04-06 18:08:45 Warning: Warning (2): Invalid argument supplied for foreach() in [C:\Program Files (x86)\EasyPHP-DevServer-14.1VC9\data\localweb\cookbook\app\views\layouts\default.ctp, line 57]
2014-04-06 18:08:45 Warning: Warning (2): Invalid argument supplied for foreach() in [C:\Program Files (x86)\EasyPHP-DevServer-14.1VC9\data\localweb\cookbook\app\views\layouts\default.ctp, line 68]
2014-04-06 18:09:47 Warning: Warning (2): Invalid argument supplied for foreach() in [C:\Program Files (x86)\EasyPHP-DevServer-14.1VC9\data\localweb\cookbook\app\views\layouts\default.ctp, line 47]
2014-04-06 18:09:47 Warning: Warning (2): Invalid argument supplied for foreach() in [C:\Program Files (x86)\EasyPHP-DevServer-14.1VC9\data\localweb\cookbook\app\views\layouts\default.ctp, line 57]
2014-04-06 18:09:47 Warning: Warning (2): Invalid argument supplied for foreach() in [C:\Program Files (x86)\EasyPHP-DevServer-14.1VC9\data\localweb\cookbook\app\views\layouts\default.ctp, line 68]
2014-04-06 18:09:49 Warning: Warning (2): Invalid argument supplied for foreach() in [C:\Program Files (x86)\EasyPHP-DevServer-14.1VC9\data\localweb\cookbook\app\views\layouts\default.ctp, line 47]
2014-04-06 18:09:49 Warning: Warning (2): Invalid argument supplied for foreach() in [C:\Program Files (x86)\EasyPHP-DevServer-14.1VC9\data\localweb\cookbook\app\views\layouts\default.ctp, line 57]
2014-04-06 18:09:49 Warning: Warning (2): Invalid argument supplied for foreach() in [C:\Program Files (x86)\EasyPHP-DevServer-14.1VC9\data\localweb\cookbook\app\views\layouts\default.ctp, line 68]
2014-04-06 18:09:49 Warning: Warning (2): Invalid argument supplied for foreach() in [C:\Program Files (x86)\EasyPHP-DevServer-14.1VC9\data\localweb\cookbook\app\views\layouts\default.ctp, line 47]
2014-04-06 18:09:49 Warning: Warning (2): Invalid argument supplied for foreach() in [C:\Program Files (x86)\EasyPHP-DevServer-14.1VC9\data\localweb\cookbook\app\views\layouts\default.ctp, line 57]
2014-04-06 18:09:49 Warning: Warning (2): Invalid argument supplied for foreach() in [C:\Program Files (x86)\EasyPHP-DevServer-14.1VC9\data\localweb\cookbook\app\views\layouts\default.ctp, line 68]
2014-04-06 18:11:04 Warning: Warning (2): Invalid argument supplied for foreach() in [C:\Program Files (x86)\EasyPHP-DevServer-14.1VC9\data\localweb\cookbook\app\views\layouts\default.ctp, line 47]
2014-04-06 18:11:04 Warning: Warning (2): Invalid argument supplied for foreach() in [C:\Program Files (x86)\EasyPHP-DevServer-14.1VC9\data\localweb\cookbook\app\views\layouts\default.ctp, line 57]
2014-04-06 18:11:04 Warning: Warning (2): Invalid argument supplied for foreach() in [C:\Program Files (x86)\EasyPHP-DevServer-14.1VC9\data\localweb\cookbook\app\views\layouts\default.ctp, line 68]
2014-04-06 18:11:11 Warning: Warning (2): Invalid argument supplied for foreach() in [C:\Program Files (x86)\EasyPHP-DevServer-14.1VC9\data\localweb\cookbook\app\views\layouts\default.ctp, line 47]
2014-04-06 18:11:11 Warning: Warning (2): Invalid argument supplied for foreach() in [C:\Program Files (x86)\EasyPHP-DevServer-14.1VC9\data\localweb\cookbook\app\views\layouts\default.ctp, line 57]
2014-04-06 18:11:11 Warning: Warning (2): Invalid argument supplied for foreach() in [C:\Program Files (x86)\EasyPHP-DevServer-14.1VC9\data\localweb\cookbook\app\views\layouts\default.ctp, line 68]
2014-04-06 18:16:57 Warning: Warning (2): Invalid argument supplied for foreach() in [C:\Program Files (x86)\EasyPHP-DevServer-14.1VC9\data\localweb\cookbook\app\views\layouts\default.ctp, line 47]
2014-04-06 18:16:57 Warning: Warning (2): Invalid argument supplied for foreach() in [C:\Program Files (x86)\EasyPHP-DevServer-14.1VC9\data\localweb\cookbook\app\views\layouts\default.ctp, line 57]
2014-04-06 18:16:57 Warning: Warning (2): Invalid argument supplied for foreach() in [C:\Program Files (x86)\EasyPHP-DevServer-14.1VC9\data\localweb\cookbook\app\views\layouts\default.ctp, line 68]
2014-04-06 18:16:57 Warning: Warning (2): Invalid argument supplied for foreach() in [C:\Program Files (x86)\EasyPHP-DevServer-14.1VC9\data\localweb\cookbook\app\views\layouts\default.ctp, line 47]
2014-04-06 18:16:57 Warning: Warning (2): Invalid argument supplied for foreach() in [C:\Program Files (x86)\EasyPHP-DevServer-14.1VC9\data\localweb\cookbook\app\views\layouts\default.ctp, line 57]
2014-04-06 18:16:57 Warning: Warning (2): Invalid argument supplied for foreach() in [C:\Program Files (x86)\EasyPHP-DevServer-14.1VC9\data\localweb\cookbook\app\views\layouts\default.ctp, line 68]
2014-04-06 18:17:40 Warning: Warning (2): Invalid argument supplied for foreach() in [C:\Program Files (x86)\EasyPHP-DevServer-14.1VC9\data\localweb\cookbook\app\views\layouts\default.ctp, line 47]
2014-04-06 18:17:40 Warning: Warning (2): Invalid argument supplied for foreach() in [C:\Program Files (x86)\EasyPHP-DevServer-14.1VC9\data\localweb\cookbook\app\views\layouts\default.ctp, line 57]
2014-04-06 18:17:40 Warning: Warning (2): Invalid argument supplied for foreach() in [C:\Program Files (x86)\EasyPHP-DevServer-14.1VC9\data\localweb\cookbook\app\views\layouts\default.ctp, line 68]
2014-04-06 18:17:42 Warning: Warning (2): Invalid argument supplied for foreach() in [C:\Program Files (x86)\EasyPHP-DevServer-14.1VC9\data\localweb\cookbook\app\views\layouts\default.ctp, line 47]
2014-04-06 18:17:42 Warning: Warning (2): Invalid argument supplied for foreach() in [C:\Program Files (x86)\EasyPHP-DevServer-14.1VC9\data\localweb\cookbook\app\views\layouts\default.ctp, line 57]
2014-04-06 18:17:42 Warning: Warning (2): Invalid argument supplied for foreach() in [C:\Program Files (x86)\EasyPHP-DevServer-14.1VC9\data\localweb\cookbook\app\views\layouts\default.ctp, line 68]
